<?xml version="1.0" encoding="UTF-8"?>
<robot generator="Robot 3.2.2 (Python 3.11.9 on win32)" generated="20240925 16:31:38.868" rpa="false">
<suite id="s1" name="DBUtility" source="C:\Users\enn6m4t\robo\DBUtility">
<suite id="s1-s1" name="Keywords" source="C:\Users\enn6m4t\robo\DBUtility\Keywords">
<suite id="s1-s1-s1" name="Common" source="C:\Users\enn6m4t\robo\DBUtility\Keywords\common.robot">
<test id="s1-s1-s1-t1" name="Get Data From Employee">
<kw name="Connect To MySQLDB">
<kw name="Connect To Database" library="DatabaseLibrary">
<doc>Loads the DB API 2.0 module given ``dbapiModuleName`` then uses it to
connect to the database using provided parameters such as ``dbName``, ``dbUsername``, and ``dbPassword``.</doc>
<arguments>
<arg>${database.api_module}</arg>
<arg>${database.name}</arg>
<arg>${database.user}</arg>
<arg>${database.password}</arg>
<arg>${database.host}</arg>
<arg>${database.port}</arg>
</arguments>
<msg timestamp="20240925 16:31:39.035" level="INFO">Connecting using : pymysql.connect(db=pharma, user=root, passwd=***, host=127.0.0.1, port=3306, charset=None)</msg>
<status status="PASS" starttime="20240925 16:31:39.010" endtime="20240925 16:31:39.042"></status>
</kw>
<status status="PASS" starttime="20240925 16:31:39.009" endtime="20240925 16:31:39.042"></status>
</kw>
<kw name="Get All Data From Table">
<kw name="Execute Sql String" library="DatabaseLibrary">
<doc>Executes the ``sqlString`` as a single SQL command.</doc>
<arguments>
<arg>${queries.use_db}</arg>
</arguments>
<msg timestamp="20240925 16:31:39.044" level="INFO">Executing : Execute SQL String  |  use pharma;</msg>
<status status="PASS" starttime="20240925 16:31:39.043" endtime="20240925 16:31:39.045"></status>
</kw>
<kw name="Query" library="DatabaseLibrary">
<doc>Runs a query with the ``selectStatement`` and returns the result as a list of rows.
The type of row values depends on the database module -
usually they are tuples or tuple-like objects.</doc>
<arguments>
<arg>SELECT orderid FROM orders WHERE ordername='testaks'</arg>
</arguments>
<assign>
<var>${id}</var>
</assign>
<msg timestamp="20240925 16:31:39.046" level="INFO">Executing : Query  |  SELECT orderid FROM orders WHERE ordername='testaks' </msg>
<msg timestamp="20240925 16:31:39.047" level="INFO">${id} = ((Decimal('256234'),),)</msg>
<status status="PASS" starttime="20240925 16:31:39.046" endtime="20240925 16:31:39.048"></status>
</kw>
<kw name="Evaluate" library="BuiltIn">
<doc>Evaluates the given expression in Python and returns the result.</doc>
<arguments>
<arg>int(${id}[0][0])</arg>
<arg>modules=decimal</arg>
</arguments>
<assign>
<var>${resultid}</var>
</assign>
<msg timestamp="20240925 16:31:39.049" level="INFO">${resultid} = 256234</msg>
<status status="PASS" starttime="20240925 16:31:39.048" endtime="20240925 16:31:39.049"></status>
</kw>
<kw name="Log To Console" library="BuiltIn">
<doc>Logs the given message to the console.</doc>
<arguments>
<arg>${resultid}</arg>
</arguments>
<status status="PASS" starttime="20240925 16:31:39.050" endtime="20240925 16:31:39.050"></status>
</kw>
<status status="PASS" starttime="20240925 16:31:39.042" endtime="20240925 16:31:39.051"></status>
</kw>
<kw name="Disconnect From Database" library="DatabaseLibrary">
<doc>Disconnects from the database.</doc>
<msg timestamp="20240925 16:31:39.051" level="INFO">Executing : Disconnect From Database</msg>
<status status="PASS" starttime="20240925 16:31:39.051" endtime="20240925 16:31:39.052"></status>
</kw>
<status status="PASS" starttime="20240925 16:31:39.009" endtime="20240925 16:31:39.052" critical="yes"></status>
</test>
<status status="PASS" starttime="20240925 16:31:38.979" endtime="20240925 16:31:39.053"></status>
</suite>
<status status="PASS" starttime="20240925 16:31:38.975" endtime="20240925 16:31:39.054"></status>
</suite>
<status status="PASS" starttime="20240925 16:31:38.950" endtime="20240925 16:31:39.056"></status>
</suite>
<statistics>
<total>
<stat pass="1" fail="0">Critical Tests</stat>
<stat pass="1" fail="0">All Tests</stat>
</total>
<tag>
</tag>
<suite>
<stat pass="1" fail="0" id="s1" name="DBUtility">DBUtility</stat>
<stat pass="1" fail="0" id="s1-s1" name="Keywords">DBUtility.Keywords</stat>
<stat pass="1" fail="0" id="s1-s1-s1" name="Common">DBUtility.Keywords.Common</stat>
</suite>
</statistics>
<errors>
<msg timestamp="20240925 16:31:38.986" level="ERROR">Error in file 'C:\Users\enn6m4t\robo\DBUtility\Keywords\common.robot' on line 2: Importing test library 'seleniumLibrary' failed: ModuleNotFoundError: No module named 'seleniumLibrary'
Traceback (most recent call last):
  None
PYTHONPATH:
  C:\Users\enn6m4t\AppData\Local\Programs\Python\Python311\Lib\site-packages
  C:\Users\enn6m4t\robo\DBUtility
  C:\Users\enn6m4t\AppData\Local\Programs\Python\Python311\python311.zip
  C:\Users\enn6m4t\AppData\Local\Programs\Python\Python311\DLLs
  C:\Users\enn6m4t\AppData\Local\Programs\Python\Python311\Lib
  C:\Users\enn6m4t\AppData\Local\Programs\Python\Python311
  C:\Users\enn6m4t\AppData\Local\Programs\Python\Python311\Lib\site-packages</msg>
</errors>
</robot>
